---- light / ericw-tools v0.18.1 ----
Raytracing backend: Embree
running with 12 threads
.lit colored light output requested on command line.
LoadBSPFile: 'test2.bsp'
BSP is version 29
Loaded extended texinfo flags from test2.texinfo
--- LoadEntities ---
WARNING: entity at (120 -120 184) (light) has empty key/value "killtarget" ""
WARNING: entity at (120 -120 184) (light) has empty key/value "targetname" ""
4 entities read, 1 are lights.
--- OptionsSummary ---
    "bounce" was set to "1" from commandline
Embree_TraceInit: Embree version: 2.15.0
Embree_TraceInit:
	7 sky faces
	41 solid faces
	0 filtered faces
	0 shadow-casting skip faces
SetupLights: 1 initial lights
SetupLights: 1 after surface lights
SetupLights: 1 after jittering
--- EstimateLightVisibility ---
0
Final count: 1 lights 1 suns in use.
--- LightWorld ---
--- MakeTextureColors ---
--- MakeBounceLights ---
0....1....2....3....4....5....6....7....8....9...
0....1....2....3....4....5....6....7....8....9...
Lighting Completed.

lightdatasize: 3469
Writing test2.lit
0 switchable light styles (32 max)
Writing test2.bsp as BSP version 29
0.079 seconds elapsed

stats:
0.000000 lights tested, 0.000000 hits per sample point
14.695956 bounce lights tested, 13.494908 hits per sample point
0 empty lightmaps
